<?xml version="1.0" encoding="UTF-8"?>
<!-- Generated by org.testng.reporters.JUnitXMLReporter -->
<testsuite hostname="iDeliver36" name="Default test" tests="1" failures="0" timestamp="12 Apr 2021 15:59:08 GMT" time="0.019" errors="0">
  <testcase name="@BeforeSuite baseBeforeSuite" time="0.0" classname="unittesting.UFTDeveloperTest">
    <failure type="java.util.concurrent.CancellationException">
      <![CDATA[java.util.concurrent.CancellationException
	at java.util.concurrent.FutureTask.report(FutureTask.java:121)
	at java.util.concurrent.FutureTask.get(FutureTask.java:192)
	at com.hp.lft.sdk.internal.CommunicationClientImpl.send(CommunicationClientImpl.java:80)
	at com.hp.lft.report.DefaultReporter.getEnvironmentInfo(DefaultReporter.java:1068)
	at com.hp.lft.report.DefaultReporter.addEnviromentInfo(DefaultReporter.java:980)
	at com.hp.lft.report.DefaultReporter.init(DefaultReporter.java:606)
	at com.hp.lft.report.ReportingProvider.init(ReportingProvider.java:33)
	at com.hp.lft.unittesting.UnitTestBase.initReporter(UnitTestBase.java:369)
	at com.hp.lft.unittesting.TestNgUnitTestBase.suiteSetup(TestNgUnitTestBase.java:33)
	at unittesting.UnitTestClassBase.baseBeforeSuite(UnitTestClassBase.java:23)
	at sun.reflect.NativeMethodAccessorImpl.invoke0(Native Method)
	at sun.reflect.NativeMethodAccessorImpl.invoke(NativeMethodAccessorImpl.java:62)
	at sun.reflect.DelegatingMethodAccessorImpl.invoke(DelegatingMethodAccessorImpl.java:43)
	at java.lang.reflect.Method.invoke(Method.java:498)
	at org.testng.internal.MethodInvocationHelper.invokeMethod(MethodInvocationHelper.java:80)
	at org.testng.internal.Invoker.invokeConfigurationMethod(Invoker.java:564)
	at org.testng.internal.Invoker.invokeConfigurations(Invoker.java:213)
	at org.testng.internal.Invoker.invokeConfigurations(Invoker.java:138)
	at org.testng.SuiteRunner.privateRun(SuiteRunner.java:277)
	at org.testng.SuiteRunner.run(SuiteRunner.java:240)
	at org.testng.SuiteRunnerWorker.runSuite(SuiteRunnerWorker.java:52)
	at org.testng.SuiteRunnerWorker.run(SuiteRunnerWorker.java:86)
	at org.testng.TestNG.runSuitesSequentially(TestNG.java:1198)
	at org.testng.TestNG.runSuitesLocally(TestNG.java:1123)
	at org.testng.TestNG.run(TestNG.java:1031)
	at org.testng.remote.RemoteTestNG.run(RemoteTestNG.java:111)
	at org.testng.remote.RemoteTestNG.initAndRun(RemoteTestNG.java:204)
	at org.testng.remote.RemoteTestNG.main(RemoteTestNG.java:175)
]]>
    </failure>
  </testcase> <!-- @BeforeSuite baseBeforeSuite -->
  <testcase name="@BeforeClass baseBeforeClass" time="0.0" classname="unittesting.UFTDeveloperTest">
    <skipped/>
  </testcase> <!-- @BeforeClass baseBeforeClass -->
  <testcase name="@BeforeClass beforeClass" time="0.0" classname="unittesting.UFTDeveloperTest">
    <skipped/>
  </testcase> <!-- @BeforeClass beforeClass -->
  <testcase name="@BeforeMethod baseBeforeMethod" time="0.0" classname="unittesting.UFTDeveloperTest">
    <skipped/>
  </testcase> <!-- @BeforeMethod baseBeforeMethod -->
  <testcase name="@BeforeMethod beforeMethod" time="0.0" classname="unittesting.UFTDeveloperTest">
    <skipped/>
  </testcase> <!-- @BeforeMethod beforeMethod -->
  <testcase name="@AfterMethod afterMethod" time="0.0" classname="unittesting.UFTDeveloperTest">
    <skipped/>
  </testcase> <!-- @AfterMethod afterMethod -->
  <testcase name="@AfterClass afterClass" time="0.0" classname="unittesting.UFTDeveloperTest">
    <skipped/>
  </testcase> <!-- @AfterClass afterClass -->
  <testcase name="test" time="0.001" classname="unittesting.UFTDeveloperTest">
    <skipped/>
  </testcase> <!-- test -->
</testsuite> <!-- Default test -->
