<?xml version="1.0" encoding="UTF-8"?>
<testng-results skipped="0" failed="0" total="1" passed="1">
  <reporter-output>
  </reporter-output>
  <suite name="Suite" duration-ms="44282" started-at="2021-04-12T17:42:18Z" finished-at="2021-04-12T17:43:02Z">
    <groups>
    </groups>
    <test name="Test" duration-ms="44282" started-at="2021-04-12T17:42:18Z" finished-at="2021-04-12T17:43:02Z">
      <class name="com.java.git.UFTDeveloperTest">
        <test-method status="PASS" signature="baseBeforeSuite()[pri:0, instance:com.java.git.UFTDeveloperTest@5f2050f6]" name="baseBeforeSuite" is-config="true" duration-ms="29167" started-at="2021-04-12T23:11:48Z" finished-at="2021-04-12T23:12:18Z">
          <reporter-output>
          </reporter-output>
        </test-method> <!-- baseBeforeSuite -->
        <test-method status="PASS" signature="baseBeforeClass(org.testng.ITestContext)[pri:0, instance:com.java.git.UFTDeveloperTest@5f2050f6]" name="baseBeforeClass" is-config="true" duration-ms="2" started-at="2021-04-12T23:12:18Z" finished-at="2021-04-12T23:12:18Z">
          <params>
            <param index="0">
              <value>
                <![CDATA[org.testng.TestRunner@1838ccb8]]>
              </value>
            </param>
          </params>
          <reporter-output>
          </reporter-output>
        </test-method> <!-- baseBeforeClass -->
        <test-method status="PASS" signature="beforeClass()[pri:0, instance:com.java.git.UFTDeveloperTest@5f2050f6]" name="beforeClass" is-config="true" duration-ms="0" started-at="2021-04-12T23:12:18Z" finished-at="2021-04-12T23:12:18Z">
          <reporter-output>
          </reporter-output>
        </test-method> <!-- beforeClass -->
        <test-method status="PASS" signature="baseBeforeMethod([Ljava.lang.Object;, org.testng.ITestContext, java.lang.reflect.Method)[pri:0, instance:com.java.git.UFTDeveloperTest@5f2050f6]" name="baseBeforeMethod" is-config="true" duration-ms="0" started-at="2021-04-12T23:12:18Z" finished-at="2021-04-12T23:12:18Z">
          <params>
            <param index="0">
              <value>
                <![CDATA[[Ljava.lang.Object;@6c2ed0cd]]>
              </value>
            </param>
            <param index="1">
              <value>
                <![CDATA[org.testng.TestRunner@1838ccb8]]>
              </value>
            </param>
            <param index="2">
              <value>
                <![CDATA[public void com.java.git.UFTDeveloperTest.test() throws com.hp.lft.sdk.GeneralLeanFtException,java.lang.InterruptedException]]>
              </value>
            </param>
          </params>
          <reporter-output>
          </reporter-output>
        </test-method> <!-- baseBeforeMethod -->
        <test-method status="PASS" signature="beforeMethod()[pri:0, instance:com.java.git.UFTDeveloperTest@5f2050f6]" name="beforeMethod" is-config="true" duration-ms="0" started-at="2021-04-12T23:12:18Z" finished-at="2021-04-12T23:12:18Z">
          <reporter-output>
          </reporter-output>
        </test-method> <!-- beforeMethod -->
        <test-method status="PASS" signature="test()[pri:0, instance:com.java.git.UFTDeveloperTest@5f2050f6]" name="test" duration-ms="44262" started-at="2021-04-12T23:12:18Z" finished-at="2021-04-12T23:13:02Z">
          <reporter-output>
          </reporter-output>
        </test-method> <!-- test -->
        <test-method status="PASS" signature="afterMethod()[pri:0, instance:com.java.git.UFTDeveloperTest@5f2050f6]" name="afterMethod" is-config="true" duration-ms="1" started-at="2021-04-12T23:13:02Z" finished-at="2021-04-12T23:13:02Z">
          <reporter-output>
          </reporter-output>
        </test-method> <!-- afterMethod -->
        <test-method status="PASS" signature="baseAfterClass(org.testng.ITestContext)[pri:0, instance:com.java.git.UFTDeveloperTest@5f2050f6]" name="baseAfterClass" is-config="true" duration-ms="0" started-at="2021-04-12T23:13:02Z" finished-at="2021-04-12T23:13:02Z">
          <params>
            <param index="0">
              <value>
                <![CDATA[org.testng.TestRunner@1838ccb8]]>
              </value>
            </param>
          </params>
          <reporter-output>
          </reporter-output>
        </test-method> <!-- baseAfterClass -->
        <test-method status="PASS" signature="baseAfterMethod(org.testng.ITestResult)[pri:0, instance:com.java.git.UFTDeveloperTest@5f2050f6]" name="baseAfterMethod" is-config="true" duration-ms="0" started-at="2021-04-12T23:13:02Z" finished-at="2021-04-12T23:13:02Z">
          <params>
            <param index="0">
              <value>
                <![CDATA[[TestResult name=test status=SUCCESS method=UFTDeveloperTest.test()[pri:0, instance:com.java.git.UFTDeveloperTest@5f2050f6] output={null}]]]>
              </value>
            </param>
          </params>
          <reporter-output>
          </reporter-output>
        </test-method> <!-- baseAfterMethod -->
        <test-method status="PASS" signature="afterClass()[pri:0, instance:com.java.git.UFTDeveloperTest@5f2050f6]" name="afterClass" is-config="true" duration-ms="0" started-at="2021-04-12T23:13:02Z" finished-at="2021-04-12T23:13:02Z">
          <reporter-output>
          </reporter-output>
        </test-method> <!-- afterClass -->
        <test-method status="PASS" signature="baseAfterSuite()[pri:0, instance:com.java.git.UFTDeveloperTest@5f2050f6]" name="baseAfterSuite" is-config="true" duration-ms="943" started-at="2021-04-12T23:13:02Z" finished-at="2021-04-12T23:13:03Z">
          <reporter-output>
          </reporter-output>
        </test-method> <!-- baseAfterSuite -->
      </class> <!-- com.java.git.UFTDeveloperTest -->
    </test> <!-- Test -->
  </suite> <!-- Suite -->
</testng-results>
